2014-08-17 18:03:07 INFO  StrongWolfeLineSearch:105 - Line search t: 0.5905784851033229 fval: 1791.1122145406307 rhs: 2859.2374634110624 cdd: 3379338.551220909
2014-08-17 18:03:09 INFO  StrongWolfeLineSearch:105 - Line search t: 0.5925948725067285 fval: 1135.4781593410912 rhs: 2859.2373088603026 cdd: -9490.440502913532
2014-08-17 18:03:12 INFO  StrongWolfeLineSearch:105 - Line search t: 0.5926418219084647 fval: 1135.2641384893566 rhs: 2859.2373052617554 cdd: 141.94422237773952
2014-08-17 18:03:12 INFO  LBFGS:68 - Step Size: 0.5926
2014-08-17 18:03:12 INFO  LBFGS:73 - Val and Grad Norm: 1135.26 (rel: 0.603) 1.58925
2014-08-17 18:03:17 INFO  StrongWolfeLineSearch:105 - Line search t: 0.1 fval: 1881.317042775091 rhs: 1135.2590786302278 cdd: 3049.190453311026
2014-08-17 18:03:19 INFO  StrongWolfeLineSearch:105 - Line search t: 0.010000000000000002 fval: 1313.768978579244 rhs: 1135.2636325034437 cdd: 16415.145692163882
2014-08-17 18:03:21 INFO  StrongWolfeLineSearch:105 - Line search t: 0.0010000000000000002 fval: 1143.173054467141 rhs: 1135.2640878907653 cdd: 13903.052009960951
2014-08-17 18:03:24 INFO  StrongWolfeLineSearch:105 - Line search t: 1.0000000000000003E-4 fval: 1135.3252408790563 rhs: 1135.2641334294974 cdd: 1689.4722555159342
2014-08-17 18:03:26 INFO  StrongWolfeLineSearch:105 - Line search t: 2.2138653467159423E-5 fval: 1135.2585617964628 rhs: 1135.264137369172 cdd: 0.2137893553875756
2014-08-17 18:03:26 INFO  LBFGS:68 - Step Size: 2.214e-05
2014-08-17 18:03:26 INFO  LBFGS:73 - Val and Grad Norm: 1135.26 (rel: 4.91e-06) 1.81937
2014-08-17 18:03:31 INFO  StrongWolfeLineSearch:105 - Line search t: 0.37006332885337523 fval: 1059.0365455534543 rhs: 1135.1968334724772 cdd: 607.0309919988695
2014-08-17 18:03:31 INFO  LBFGS:68 - Step Size: 0.3701
2014-08-17 18:03:31 INFO  LBFGS:73 - Val and Grad Norm: 1059.04 (rel: 0.0671) 33.2432
2014-08-17 18:03:36 INFO  StrongWolfeLineSearch:105 - Line search t: 0.3407046654154485 fval: 1052.7376175279394 rhs: 1059.0334790874274 cdd: 68.8571781112204
2014-08-17 18:03:36 INFO  LBFGS:68 - Step Size: 0.3407
2014-08-17 18:03:36 INFO  LBFGS:73 - Val and Grad Norm: 1052.74 (rel: 0.00595) 8.23745
2014-08-17 18:03:38 INFO  LBFGS:68 - Step Size: 1.000
2014-08-17 18:03:38 INFO  LBFGS:73 - Val and Grad Norm: 1048.01 (rel: 0.00449) 18.3520
2014-08-17 18:03:43 INFO  StrongWolfeLineSearch:105 - Line search t: 0.10381146306701083 fval: 1047.2607749408721 rhs: 1048.0135987121485 cdd: -6.447162790703119
2014-08-17 18:03:43 INFO  LBFGS:68 - Step Size: 0.1038
2014-08-17 18:03:43 INFO  LBFGS:73 - Val and Grad Norm: 1047.26 (rel: 0.000718) 18.0806
2014-08-17 18:03:48 INFO  StrongWolfeLineSearch:105 - Line search t: 0.4779152685408401 fval: 116707.95479745562 rhs: 1047.2557252579556 cdd: 1.940818786478622E7
2014-08-17 18:03:50 INFO  StrongWolfeLineSearch:105 - Line search t: 0.3145351963566274 fval: 1419.7839595039418 rhs: 1047.2574515421188 cdd: 6377.96875043484
2014-08-17 18:03:53 INFO  StrongWolfeLineSearch:105 - Line search t: 0.1464871579081211 fval: 1060.2716875445499 rhs: 1047.2592271483084 cdd: 422.4434164972407
2014-08-17 18:03:55 INFO  StrongWolfeLineSearch:105 - Line search t: 0.05679584236293077 fval: 1044.159110236731 rhs: 1047.2601748324141 cdd: 7.724298400328932
2014-08-17 18:03:55 INFO  LBFGS:68 - Step Size: 0.05680
2014-08-17 18:03:55 INFO  LBFGS:73 - Val and Grad Norm: 1044.16 (rel: 0.00296) 2.25458
2014-08-17 18:04:00 INFO  StrongWolfeLineSearch:105 - Line search t: 0.46740439129034417 fval: 1043.650022676171 rhs: 1044.159018919517 cdd: 0.022719865626947854
2014-08-17 18:04:00 INFO  LBFGS:68 - Step Size: 0.4674
2014-08-17 18:04:00 INFO  LBFGS:73 - Val and Grad Norm: 1043.65 (rel: 0.000488) 0.849878
2014-08-17 18:04:02 INFO  LBFGS:68 - Step Size: 1.000
2014-08-17 18:04:02 INFO  LBFGS:73 - Val and Grad Norm: 1043.64 (rel: 1.02e-05) 0.467742
2014-08-17 18:04:19 INFO  LBFGS:68 - Step Size: 11.39
2014-08-17 18:04:19 INFO  LBFGS:73 - Val and Grad Norm: 1043.61 (rel: 2.37e-05) 0.209825
2014-08-17 18:04:22 INFO  LBFGS:68 - Step Size: 1.000
2014-08-17 18:04:22 INFO  LBFGS:73 - Val and Grad Norm: 1043.33 (rel: 0.000275) 2.10471
2014-08-17 18:04:24 INFO  LBFGS:68 - Step Size: 1.000
2014-08-17 18:04:24 INFO  LBFGS:73 - Val and Grad Norm: 1042.68 (rel: 0.000622) 5.25615
2014-08-17 18:04:26 INFO  LBFGS:68 - Step Size: 1.000
2014-08-17 18:04:26 INFO  LBFGS:73 - Val and Grad Norm: 1041.16 (rel: 0.00146) 8.59501
2014-08-17 18:08:53 INFO  XmlBeanDefinitionReader:315 - Loading XML bean definitions from class path resource [config/spring-context.xml]
2014-08-17 18:08:53 INFO  GenericXmlApplicationContext:510 - Refreshing org.springframework.context.support.GenericXmlApplicationContext@6e431d9d: startup date [Sun Aug 17 18:08:53 CEST 2014]; root of context hierarchy
2014-08-17 18:08:53 INFO  DefaultListableBeanFactory:596 - Pre-instantiating singletons in org.springframework.beans.factory.support.DefaultListableBeanFactory@3c0da546: defining beans [objectCreator,bostonRbfParams,bostonRbfKernel,optimalBostonRbfKernel,co2HyperParams,co2Kernel,gpPredictor,ukfTransfGpPredictor,ssmGpPredictor,gpBostonOptimalPredictor,co2GpPredictor,stopCriterion,gpClassifier,breezeLbfgsOptimizer,gpOptimizerForSsmOptim]; root of factory hierarchy
2014-08-17 18:08:54 INFO  XmlBeanDefinitionReader:315 - Loading XML bean definitions from class path resource [config/spring-context.xml]
2014-08-17 18:08:54 INFO  GenericXmlApplicationContext:510 - Refreshing org.springframework.context.support.GenericXmlApplicationContext@57232191: startup date [Sun Aug 17 18:08:54 CEST 2014]; root of context hierarchy
2014-08-17 18:08:54 INFO  DefaultListableBeanFactory:596 - Pre-instantiating singletons in org.springframework.beans.factory.support.DefaultListableBeanFactory@7184b7db: defining beans [objectCreator,bostonRbfParams,bostonRbfKernel,optimalBostonRbfKernel,co2HyperParams,co2Kernel,gpPredictor,ukfTransfGpPredictor,ssmGpPredictor,gpBostonOptimalPredictor,co2GpPredictor,stopCriterion,gpClassifier,breezeLbfgsOptimizer,gpOptimizerForSsmOptim]; root of factory hierarchy
2014-08-17 18:08:57 INFO  LBFGS:68 - Step Size: 1.411e-09
2014-08-17 18:08:57 INFO  LBFGS:73 - Val and Grad Norm: 42593.6 (rel: 0.998) 80634.6
2014-08-17 18:09:00 ERROR LBFGS:85 - Failure! Resetting history: breeze.optimize.FirstOrderException: Line search failed
2014-08-17 18:09:01 INFO  StrongWolfeLineSearch:105 - Line search t: 0.33333751638083275 fval: 1674.3894856416937 rhs: -174140.66587317287 cdd: 438.21946960499344
2014-08-17 18:09:02 INFO  StrongWolfeLineSearch:105 - Line search t: 0.11111670494807946 fval: 1511.8138496577162 rhs: -29653.893755171564 cdd: 1344.3853227399482
2014-08-17 18:09:02 INFO  StrongWolfeLineSearch:105 - Line search t: 0.03704311821251238 fval: 1346.906618605146 rhs: 18508.35251519469 cdd: 4066.138472765774
2014-08-17 18:09:02 INFO  LBFGS:68 - Step Size: 0.03704
2014-08-17 18:09:02 INFO  LBFGS:73 - Val and Grad Norm: 1346.91 (rel: 0.968) 0.146083
2014-08-17 18:09:06 ERROR LBFGS:85 - Failure! Resetting history: breeze.optimize.FirstOrderException: Line search failed
2014-08-17 18:09:09 ERROR LBFGS:88 - Failure again! Giving up and returning. Maybe the objective is just poorly behaved?
2014-08-17 18:12:16 INFO  XmlBeanDefinitionReader:315 - Loading XML bean definitions from class path resource [config/spring-context.xml]
2014-08-17 18:12:16 INFO  GenericXmlApplicationContext:510 - Refreshing org.springframework.context.support.GenericXmlApplicationContext@784d66f8: startup date [Sun Aug 17 18:12:16 CEST 2014]; root of context hierarchy
2014-08-17 18:12:16 INFO  DefaultListableBeanFactory:596 - Pre-instantiating singletons in org.springframework.beans.factory.support.DefaultListableBeanFactory@23ddb577: defining beans [objectCreator,bostonRbfParams,bostonRbfKernel,optimalBostonRbfKernel,co2HyperParams,co2Kernel,gpPredictor,ukfTransfGpPredictor,ssmGpPredictor,gpBostonOptimalPredictor,co2GpPredictor,stopCriterion,gpClassifier,breezeLbfgsOptimizer,gpOptimizerForSsmOptim]; root of factory hierarchy
2014-08-17 18:12:17 INFO  XmlBeanDefinitionReader:315 - Loading XML bean definitions from class path resource [config/spring-context.xml]
2014-08-17 18:12:17 INFO  GenericXmlApplicationContext:510 - Refreshing org.springframework.context.support.GenericXmlApplicationContext@4370e348: startup date [Sun Aug 17 18:12:17 CEST 2014]; root of context hierarchy
2014-08-17 18:12:17 INFO  DefaultListableBeanFactory:596 - Pre-instantiating singletons in org.springframework.beans.factory.support.DefaultListableBeanFactory@4042c516: defining beans [objectCreator,bostonRbfParams,bostonRbfKernel,optimalBostonRbfKernel,co2HyperParams,co2Kernel,gpPredictor,ukfTransfGpPredictor,ssmGpPredictor,gpBostonOptimalPredictor,co2GpPredictor,stopCriterion,gpClassifier,breezeLbfgsOptimizer,gpOptimizerForSsmOptim]; root of factory hierarchy
2014-08-17 18:12:20 INFO  LBFGS:68 - Step Size: 1.020e-09
2014-08-17 18:12:20 INFO  LBFGS:73 - Val and Grad Norm: 58915.0 (rel: 0.998) 111552
2014-08-17 18:12:27 ERROR LBFGS:85 - Failure! Resetting history: breeze.optimize.FirstOrderException: Line search failed
2014-08-17 18:12:29 INFO  StrongWolfeLineSearch:105 - Line search t: 0.33333635766071334 fval: 2300.867334886699 rhs: -355885.38946694345 cdd: 577.181392514462
2014-08-17 18:12:30 INFO  StrongWolfeLineSearch:105 - Line search t: 0.11111515491492083 fval: 2086.8351980723687 rhs: -79355.54544360674 cdd: 1780.4009934758515
2014-08-17 18:12:31 INFO  StrongWolfeLineSearch:105 - Line search t: 0.03704143237331228 fval: 1867.2203887051216 rhs: 12821.054662778799 cdd: 5432.416134715433
2014-08-17 18:12:31 INFO  LBFGS:68 - Step Size: 0.03704
2014-08-17 18:12:31 INFO  LBFGS:73 - Val and Grad Norm: 1867.22 (rel: 0.968) 0.253563
2014-08-17 18:12:38 ERROR LBFGS:85 - Failure! Resetting history: breeze.optimize.FirstOrderException: Line search failed
2014-08-17 18:12:46 ERROR LBFGS:88 - Failure again! Giving up and returning. Maybe the objective is just poorly behaved?
2014-08-17 18:14:18 INFO  XmlBeanDefinitionReader:315 - Loading XML bean definitions from class path resource [config/spring-context.xml]
2014-08-17 18:14:18 INFO  GenericXmlApplicationContext:510 - Refreshing org.springframework.context.support.GenericXmlApplicationContext@21a3617c: startup date [Sun Aug 17 18:14:18 CEST 2014]; root of context hierarchy
2014-08-17 18:14:19 INFO  DefaultListableBeanFactory:596 - Pre-instantiating singletons in org.springframework.beans.factory.support.DefaultListableBeanFactory@30b4aa06: defining beans [objectCreator,bostonRbfParams,bostonRbfKernel,optimalBostonRbfKernel,co2HyperParams,co2Kernel,gpPredictor,ukfTransfGpPredictor,ssmGpPredictor,gpBostonOptimalPredictor,co2GpPredictor,stopCriterion,gpClassifier,breezeLbfgsOptimizer,gpOptimizerForSsmOptim]; root of factory hierarchy
2014-08-17 18:14:19 INFO  XmlBeanDefinitionReader:315 - Loading XML bean definitions from class path resource [config/spring-context.xml]
2014-08-17 18:14:19 INFO  GenericXmlApplicationContext:510 - Refreshing org.springframework.context.support.GenericXmlApplicationContext@2859ae8f: startup date [Sun Aug 17 18:14:19 CEST 2014]; root of context hierarchy
2014-08-17 18:14:19 INFO  DefaultListableBeanFactory:596 - Pre-instantiating singletons in org.springframework.beans.factory.support.DefaultListableBeanFactory@5f99484f: defining beans [objectCreator,bostonRbfParams,bostonRbfKernel,optimalBostonRbfKernel,co2HyperParams,co2Kernel,gpPredictor,ukfTransfGpPredictor,ssmGpPredictor,gpBostonOptimalPredictor,co2GpPredictor,stopCriterion,gpClassifier,breezeLbfgsOptimizer,gpOptimizerForSsmOptim]; root of factory hierarchy
2014-08-17 18:14:23 INFO  LBFGS:68 - Step Size: 8.626e-10
2014-08-17 18:14:23 INFO  LBFGS:73 - Val and Grad Norm: 69694.0 (rel: 0.998) 131925
2014-08-17 18:14:35 ERROR LBFGS:85 - Failure! Resetting history: breeze.optimize.FirstOrderException: Line search failed
2014-08-17 18:14:39 INFO  StrongWolfeLineSearch:105 - Line search t: 0.3333358839330066 fval: 2899.207449405906 rhs: -510448.5044515301 cdd: 733.0883345213663
2014-08-17 18:14:40 INFO  StrongWolfeLineSearch:105 - Line search t: 0.11111452228698854 fval: 2633.239396186201 rhs: -123691.32174418066 cdd: 2162.465565910623
2014-08-17 18:14:41 INFO  StrongWolfeLineSearch:105 - Line search t: 0.03704074533987739 fval: 2369.332669297559 rhs: 5227.721287300388 cdd: 6519.756452672845
2014-08-17 18:14:41 INFO  LBFGS:68 - Step Size: 0.03704
2014-08-17 18:14:41 INFO  LBFGS:73 - Val and Grad Norm: 2369.33 (rel: 0.966) 1.64216
2014-08-17 18:14:45 INFO  LBFGS:68 - Step Size: 2.250
2014-08-17 18:14:45 INFO  LBFGS:73 - Val and Grad Norm: 2369.12 (rel: 8.97e-05) 1.47421
2014-08-17 18:14:46 INFO  LBFGS:68 - Step Size: 1.000
2014-08-17 18:14:46 INFO  LBFGS:73 - Val and Grad Norm: 2367.30 (rel: 0.000770) 0.871359
2014-08-17 18:14:47 INFO  LBFGS:68 - Step Size: 1.000
2014-08-17 18:14:47 INFO  LBFGS:73 - Val and Grad Norm: 2364.68 (rel: 0.00111) 0.672038
2014-08-17 18:14:48 INFO  LBFGS:68 - Step Size: 1.000
2014-08-17 18:14:48 INFO  LBFGS:73 - Val and Grad Norm: 2357.66 (rel: 0.00297) 0.412575
2014-08-17 18:14:50 INFO  LBFGS:68 - Step Size: 1.000
2014-08-17 18:14:50 INFO  LBFGS:73 - Val and Grad Norm: 2350.36 (rel: 0.00310) 0.234598
2014-08-17 18:14:51 INFO  LBFGS:68 - Step Size: 1.000
2014-08-17 18:14:51 INFO  LBFGS:73 - Val and Grad Norm: 2343.20 (rel: 0.00305) 0.665704
2014-08-17 18:14:52 INFO  LBFGS:68 - Step Size: 1.000
2014-08-17 18:14:52 INFO  LBFGS:73 - Val and Grad Norm: 2307.46 (rel: 0.0153) 0.544734
2014-08-17 18:14:53 INFO  LBFGS:68 - Step Size: 1.000
2014-08-17 18:14:53 INFO  LBFGS:73 - Val and Grad Norm: 2281.14 (rel: 0.0114) 0.101064
2014-08-17 18:14:57 INFO  LBFGS:68 - Step Size: 2.250
2014-08-17 18:14:57 INFO  LBFGS:73 - Val and Grad Norm: 2260.31 (rel: 0.00913) 0.0959208
2014-08-17 18:15:00 INFO  StrongWolfeLineSearch:105 - Line search t: 1.1232900421092853 fval: 1622.8157512888686 rhs: 2260.277865990017 cdd: 2981.4885641115766
2014-08-17 18:15:01 INFO  StrongWolfeLineSearch:105 - Line search t: 1.034588847570549 fval: 1029.5010491454436 rhs: 2260.2801937077393 cdd: -32727.199856012114
2014-08-17 18:15:02 INFO  StrongWolfeLineSearch:105 - Line search t: 1.05636274550855 fval: 1217.3222428262036 rhs: 2260.2796223119603 cdd: 15399.488856947524
2014-08-17 18:15:03 INFO  StrongWolfeLineSearch:105 - Line search t: 1.0403068925288594 fval: 856.0957389589305 rhs: 2260.2800436534512 cdd: 307229.9078851209
2014-08-17 18:15:04 INFO  StrongWolfeLineSearch:105 - Line search t: 1.0386364930711116 fval: 851.3189918534517 rhs: 2260.280087488469 cdd: -55891.267152190514
2014-08-17 18:15:06 INFO  StrongWolfeLineSearch:105 - Line search t: 1.0396854827441084 fval: 802.673737949404 rhs: 2260.280059960634 cdd: -16376.375587774375
2014-08-17 18:15:07 INFO  StrongWolfeLineSearch:105 - Line search t: 1.0398505780380516 fval: 802.228921277115 rhs: 2260.280055628164 cdd: 13763.81794911549
2014-08-17 18:15:08 INFO  StrongWolfeLineSearch:105 - Line search t: 1.039786046890674 fval: 801.802519172734 rhs: 2260.2800573216055 cdd: -41.06454502108172
2014-08-17 18:15:08 INFO  LBFGS:68 - Step Size: 1.040
2014-08-17 18:15:08 INFO  LBFGS:73 - Val and Grad Norm: 801.803 (rel: 0.645) 0.0413362
2014-08-17 18:15:10 INFO  StrongWolfeLineSearch:105 - Line search t: 0.1 fval: 1461.018678335493 rhs: 801.8020123096421 cdd: 2520.5347253884347
2014-08-17 18:15:11 INFO  StrongWolfeLineSearch:105 - Line search t: 0.010000000000000002 fval: 871.458974529373 rhs: 801.8024684864248 cdd: 23781.264874563145
2014-08-17 18:15:12 INFO  StrongWolfeLineSearch:105 - Line search t: 0.001980366884585168 fval: 1120.1851307999218 rhs: 801.8025091349853 cdd: 729389.9139378682
2014-08-17 18:15:13 INFO  StrongWolfeLineSearch:105 - Line search t: 7.997957528094967E-4 fval: 819.7122422666641 rhs: 801.8025151188646 cdd: 56574.67412691982
2014-08-17 18:15:15 INFO  StrongWolfeLineSearch:105 - Line search t: 7.997957528094967E-5 fval: 801.9174975959902 rhs: 801.8025187673471 cdd: 2985.485615952827
2014-08-17 18:15:16 INFO  StrongWolfeLineSearch:105 - Line search t: 7.997957528094967E-6 fval: 801.8032624379603 rhs: 801.8025191321954 cdd: 237.11480962840628
2014-08-17 18:15:17 INFO  StrongWolfeLineSearch:105 - Line search t: 1.4154239737129617E-6 fval: 801.8024832673132 rhs: 801.8025191655598 cdd: 0.001538560576676673
2014-08-17 18:15:17 INFO  LBFGS:68 - Step Size: 1.415e-06
2014-08-17 18:15:17 INFO  LBFGS:73 - Val and Grad Norm: 801.802 (rel: 4.48e-08) 0.0403566
2014-08-17 18:15:20 INFO  StrongWolfeLineSearch:105 - Line search t: 1.1017397545266774 fval: 773.6983173064225 rhs: 801.7994828277326 cdd: 2395.8927157671164
2014-08-17 18:15:21 INFO  StrongWolfeLineSearch:105 - Line search t: 1.068123440504376 fval: 767.1037422201155 rhs: 801.7995743772285 cdd: -177.26071329529074
2014-08-17 18:15:22 INFO  StrongWolfeLineSearch:105 - Line search t: 1.087809083640969 fval: 764.2289398110322 rhs: 801.7995207660352 cdd: -27.582537637558715
2014-08-17 18:15:24 INFO  StrongWolfeLineSearch:105 - Line search t: 1.091118861262627 fval: 764.3449842815319 rhs: 801.7995117523025 cdd: 111.59830925159977
2014-08-17 18:15:25 INFO  StrongWolfeLineSearch:105 - Line search t: 1.088653347445442 fval: 764.2171679748916 rhs: 801.7995184667967 cdd: 0.40841267755482136
2014-08-17 18:15:25 INFO  LBFGS:68 - Step Size: 1.089
2014-08-17 18:15:25 INFO  LBFGS:73 - Val and Grad Norm: 764.217 (rel: 0.0469) 15.7182
2014-08-17 18:15:27 INFO  StrongWolfeLineSearch:105 - Line search t: 0.1 fval: 765.1990835323279 rhs: 764.2170689138605 cdd: -200.35590455364007
2014-08-17 18:15:28 INFO  StrongWolfeLineSearch:105 - Line search t: 0.010000000000000002 fval: 764.3955540519025 rhs: 764.2171580687885 cdd: 52.087497060007905
2014-08-17 18:15:29 INFO  StrongWolfeLineSearch:105 - Line search t: 0.0021245596007003383 fval: 764.2066575125905 rhs: 764.217165870281 cdd: 0.23077105484267135
2014-08-17 18:15:29 INFO  LBFGS:68 - Step Size: 0.002125
2014-08-17 18:15:29 INFO  LBFGS:73 - Val and Grad Norm: 764.207 (rel: 1.38e-05) 15.4194
2014-08-17 18:15:31 INFO  StrongWolfeLineSearch:105 - Line search t: 0.206171206984338 fval: 761.8656020196025 rhs: 764.2060029572011 cdd: 5.0685557072040455
2014-08-17 18:15:31 INFO  LBFGS:68 - Step Size: 0.2062
2014-08-17 18:15:31 INFO  LBFGS:73 - Val and Grad Norm: 761.866 (rel: 0.00306) 2.77426
2014-08-17 18:15:33 INFO  LBFGS:68 - Step Size: 1.000
2014-08-17 18:15:33 INFO  LBFGS:73 - Val and Grad Norm: 761.772 (rel: 0.000123) 0.841542
2014-08-17 18:15:34 INFO  LBFGS:68 - Step Size: 1.000
2014-08-17 18:15:34 INFO  LBFGS:73 - Val and Grad Norm: 761.765 (rel: 9.86e-06) 0.123625
2014-08-17 18:15:43 INFO  LBFGS:68 - Step Size: 17.09
2014-08-17 18:15:43 INFO  LBFGS:73 - Val and Grad Norm: 761.746 (rel: 2.46e-05) 0.0983116
2014-08-17 18:15:44 INFO  LBFGS:68 - Step Size: 1.000
2014-08-17 18:15:44 INFO  LBFGS:73 - Val and Grad Norm: 761.575 (rel: 0.000224) 1.05070
2014-08-17 18:17:15 INFO  XmlBeanDefinitionReader:315 - Loading XML bean definitions from class path resource [config/spring-context.xml]
2014-08-17 18:17:15 INFO  GenericXmlApplicationContext:510 - Refreshing org.springframework.context.support.GenericXmlApplicationContext@4e0222ed: startup date [Sun Aug 17 18:17:15 CEST 2014]; root of context hierarchy
2014-08-17 18:17:15 INFO  DefaultListableBeanFactory:596 - Pre-instantiating singletons in org.springframework.beans.factory.support.DefaultListableBeanFactory@72f71719: defining beans [objectCreator,bostonRbfParams,bostonRbfKernel,optimalBostonRbfKernel,co2HyperParams,co2Kernel,gpPredictor,ukfTransfGpPredictor,ssmGpPredictor,gpBostonOptimalPredictor,co2GpPredictor,stopCriterion,gpClassifier,breezeLbfgsOptimizer,gpOptimizerForSsmOptim]; root of factory hierarchy
2014-08-17 18:17:16 INFO  XmlBeanDefinitionReader:315 - Loading XML bean definitions from class path resource [config/spring-context.xml]
2014-08-17 18:17:16 INFO  GenericXmlApplicationContext:510 - Refreshing org.springframework.context.support.GenericXmlApplicationContext@57232191: startup date [Sun Aug 17 18:17:16 CEST 2014]; root of context hierarchy
2014-08-17 18:17:16 INFO  DefaultListableBeanFactory:596 - Pre-instantiating singletons in org.springframework.beans.factory.support.DefaultListableBeanFactory@7184b7db: defining beans [objectCreator,bostonRbfParams,bostonRbfKernel,optimalBostonRbfKernel,co2HyperParams,co2Kernel,gpPredictor,ukfTransfGpPredictor,ssmGpPredictor,gpBostonOptimalPredictor,co2GpPredictor,stopCriterion,gpClassifier,breezeLbfgsOptimizer,gpOptimizerForSsmOptim]; root of factory hierarchy
2014-08-17 18:17:20 INFO  LBFGS:68 - Step Size: 8.882e-10
2014-08-17 18:17:20 INFO  LBFGS:73 - Val and Grad Norm: 67692.6 (rel: 0.998) 128115
2014-08-17 18:17:33 ERROR LBFGS:85 - Failure! Resetting history: breeze.optimize.FirstOrderException: Line search failed
2014-08-17 18:17:37 INFO  StrongWolfeLineSearch:105 - Line search t: 0.3333359566655343 fval: 2900.458354890182 rhs: -479423.5355518928 cdd: 723.2125104869048
2014-08-17 18:17:39 INFO  StrongWolfeLineSearch:105 - Line search t: 0.11111461974831754 fval: 2636.6142931979903 rhs: -114683.7886854833 cdd: 2167.5508645482573
2014-08-17 18:17:40 INFO  StrongWolfeLineSearch:105 - Line search t: 0.03704085161662875 fval: 2368.7682388710837 rhs: 6896.109143401001 cdd: 6665.473029627081
2014-08-17 18:17:40 INFO  LBFGS:68 - Step Size: 0.03704
2014-08-17 18:17:40 INFO  LBFGS:73 - Val and Grad Norm: 2368.77 (rel: 0.965) 1.14567
2014-08-17 18:17:52 INFO  LBFGS:68 - Step Size: 25.63
2014-08-17 18:17:52 INFO  LBFGS:73 - Val and Grad Norm: 2367.60 (rel: 0.000492) 1.01297
2014-08-17 18:17:53 INFO  LBFGS:68 - Step Size: 1.000
2014-08-17 18:17:53 INFO  LBFGS:73 - Val and Grad Norm: 2357.85 (rel: 0.00412) 0.648742
2014-08-17 18:17:54 INFO  LBFGS:68 - Step Size: 1.000
2014-08-17 18:17:54 INFO  LBFGS:73 - Val and Grad Norm: 2345.45 (rel: 0.00526) 0.320694
2014-08-17 18:17:56 INFO  LBFGS:68 - Step Size: 1.000
2014-08-17 18:17:56 INFO  LBFGS:73 - Val and Grad Norm: 2339.35 (rel: 0.00260) 0.187428
2014-08-17 18:17:57 INFO  LBFGS:68 - Step Size: 1.000
2014-08-17 18:17:57 INFO  LBFGS:73 - Val and Grad Norm: 2333.67 (rel: 0.00243) 0.212061
2014-08-17 18:17:59 INFO  LBFGS:68 - Step Size: 1.000
2014-08-17 18:17:59 INFO  LBFGS:73 - Val and Grad Norm: 2308.26 (rel: 0.0109) 0.420643
2014-08-17 18:18:00 INFO  LBFGS:68 - Step Size: 1.000
2014-08-17 18:18:00 INFO  LBFGS:73 - Val and Grad Norm: 2265.94 (rel: 0.0183) 0.0932862
2014-08-17 18:18:10 INFO  StrongWolfeLineSearch:105 - Line search t: 14.290688850403596 fval: 833.3261864717774 rhs: 2265.908266496743 cdd: 4442.433753380571
2014-08-17 18:18:11 INFO  StrongWolfeLineSearch:105 - Line search t: 13.449129174403074 fval: 1545.8761418040306 rhs: 2265.9100825229743 cdd: -301.4567571745406
2014-08-17 18:18:12 INFO  StrongWolfeLineSearch:105 - Line search t: 14.081877616152923 fval: 1181.6296442875075 rhs: 2265.908717096611 cdd: -1318.7446444579748
2014-08-17 18:18:13 INFO  StrongWolfeLineSearch:105 - Line search t: 14.246622451925155 fval: 820.8729466086077 rhs: 2265.908361588913 cdd: 18456.893736319234
2014-08-17 18:18:14 INFO  StrongWolfeLineSearch:105 - Line search t: 14.200815197045298 fval: 934.8717360872806 rhs: 2265.9084604377276 cdd: -3457.6187192289813
2014-08-17 18:18:16 INFO  StrongWolfeLineSearch:105 - Line search t: 14.233568284479677 fval: 801.3511774902818 rhs: 2265.9083897588825 cdd: -3952.8423641980935
2014-08-17 18:18:17 INFO  StrongWolfeLineSearch:105 - Line search t: 14.240836122078006 fval: 782.6862633350792 rhs: 2265.908374075403 cdd: -18.995283718661717
2014-08-17 18:18:17 INFO  LBFGS:68 - Step Size: 14.24
2014-08-17 18:18:17 INFO  LBFGS:73 - Val and Grad Norm: 782.686 (rel: 0.655) 0.109636
2014-08-17 18:18:19 INFO  StrongWolfeLineSearch:105 - Line search t: 0.16515248778303981 fval: 2473.7948286215615 rhs: 782.6191535491233 cdd: 1524.6837544294403
2014-08-17 18:18:20 INFO  StrongWolfeLineSearch:105 - Line search t: 0.016515248778303983 fval: 1896.3872676676017 rhs: 782.6795523564836 cdd: 15114.541270019658
2014-08-17 18:18:21 INFO  StrongWolfeLineSearch:105 - Line search t: 0.0016515248778303983 fval: 1322.3337514993323 rhs: 782.6855922372196 cdd: 152061.8640495079
2014-08-17 18:18:22 INFO  StrongWolfeLineSearch:105 - Line search t: 1.6515248778303985E-4 fval: 783.7833227932474 rhs: 782.6861962252932 cdd: -369086.3387077183
2014-08-17 18:18:23 INFO  StrongWolfeLineSearch:105 - Line search t: 1.6515248778303984E-5 fval: 792.379403199748 rhs: 782.6862566241006 cdd: 1403796.527069496
2014-08-17 18:18:25 INFO  StrongWolfeLineSearch:105 - Line search t: 1.6515248778303986E-6 fval: 782.7511292897083 rhs: 782.6862626639813 cdd: 83966.92333085756
2014-08-17 18:18:26 INFO  StrongWolfeLineSearch:105 - Line search t: 1.6515248778303986E-7 fval: 782.6862883648032 rhs: 782.6862632679694 cdd: 4379.813529934547
2014-08-17 18:18:27 INFO  StrongWolfeLineSearch:105 - Line search t: 7.967610527536912E-8 fval: 782.6861013211743 rhs: 782.6862633027027 cdd: 0.2268532482252681
2014-08-17 18:18:27 INFO  LBFGS:68 - Step Size: 7.968e-08
2014-08-17 18:18:27 INFO  LBFGS:73 - Val and Grad Norm: 782.686 (rel: 2.07e-07) 0.0415755
2014-08-17 18:18:30 INFO  LBFGS:68 - Step Size: 2.250
2014-08-17 18:18:30 INFO  LBFGS:73 - Val and Grad Norm: 774.812 (rel: 0.0101) 1.07663
2014-08-17 18:18:32 INFO  StrongWolfeLineSearch:105 - Line search t: 0.1 fval: 770.00294888688 rhs: 774.8114128279561 cdd: -36.658033905470866
2014-08-17 18:18:32 INFO  LBFGS:68 - Step Size: 0.1000
2014-08-17 18:18:32 INFO  LBFGS:73 - Val and Grad Norm: 770.003 (rel: 0.00621) 2.41974
2014-08-17 18:18:34 INFO  LBFGS:68 - Step Size: 1.000
2014-08-17 18:18:34 INFO  LBFGS:73 - Val and Grad Norm: 766.708 (rel: 0.00428) 0.932251
2014-08-17 18:18:41 INFO  StrongWolfeLineSearch:105 - Line search t: 6.525804664572183 fval: 761.3658516377943 rhs: 766.7075551768975 cdd: 0.08736794806222907
2014-08-17 18:18:42 INFO  StrongWolfeLineSearch:105 - Line search t: 6.3794741981149645 fval: 761.3923368635968 rhs: 766.7075563543049 cdd: -0.43949300363683524
2014-08-17 18:18:44 INFO  StrongWolfeLineSearch:105 - Line search t: 6.502634712950641 fval: 761.3648429478505 rhs: 766.7075553633281 cdd: -3.6718005435518175E-5
2014-08-17 18:18:44 INFO  LBFGS:68 - Step Size: 6.503
2014-08-17 18:18:44 INFO  LBFGS:73 - Val and Grad Norm: 761.365 (rel: 0.00697) 1.00281
2014-08-17 18:18:46 INFO  StrongWolfeLineSearch:105 - Line search t: 0.1 fval: 795.4594900118781 rhs: 761.36434601804 cdd: -4539.901087242201
2014-08-17 18:18:47 INFO  StrongWolfeLineSearch:105 - Line search t: 0.010000000000000002 fval: 767.4913448340138 rhs: 761.3647932548695 cdd: 1469.6492180810887
2014-08-17 18:18:48 INFO  StrongWolfeLineSearch:105 - Line search t: 0.0010000000000000002 fval: 761.3672471432308 rhs: 761.3648379785525 cdd: 55.77890290764779
2014-08-17 18:18:49 INFO  StrongWolfeLineSearch:105 - Line search t: 4.8021925714779345E-4 fval: 761.3528419707175 rhs: 761.3648405614979 cdd: 5.617794529846343E-4
2014-08-17 18:18:49 INFO  LBFGS:68 - Step Size: 0.0004802
2014-08-17 18:18:49 INFO  LBFGS:73 - Val and Grad Norm: 761.353 (rel: 1.58e-05) 0.0687204
2014-08-17 18:18:51 INFO  StrongWolfeLineSearch:105 - Line search t: 0.1 fval: 761.7901518217982 rhs: 761.352838249824 cdd: 8.463785589234126
2014-08-17 18:18:52 INFO  StrongWolfeLineSearch:105 - Line search t: 0.010000000000000002 fval: 761.3544480817953 rhs: 761.3528415986282 cdd: 0.6865362428938266
2014-08-17 18:18:54 INFO  StrongWolfeLineSearch:105 - Line search t: 0.0034713202701232865 fval: 761.3521977290793 rhs: 761.3528418415533 cdd: 5.466019386141108E-6
2014-08-17 18:18:54 INFO  LBFGS:68 - Step Size: 0.003471
2014-08-17 18:18:54 INFO  LBFGS:73 - Val and Grad Norm: 761.352 (rel: 8.46e-07) 0.0368396
2014-08-17 18:19:05 ERROR LBFGS:85 - Failure! Resetting history: breeze.optimize.FirstOrderException: Line search failed
2014-08-17 18:19:10 INFO  LBFGS:68 - Step Size: 3.375
2014-08-17 18:19:10 INFO  LBFGS:73 - Val and Grad Norm: 761.348 (rel: 5.69e-06) 0.140542
2014-08-17 18:19:11 INFO  LBFGS:68 - Step Size: 1.000
2014-08-17 18:19:11 INFO  LBFGS:73 - Val and Grad Norm: 761.292 (rel: 7.38e-05) 1.10716
2014-08-17 18:19:13 INFO  LBFGS:68 - Step Size: 1.000
2014-08-17 18:19:13 INFO  LBFGS:73 - Val and Grad Norm: 761.211 (rel: 0.000106) 1.60719
2014-08-17 18:20:34 INFO  XmlBeanDefinitionReader:315 - Loading XML bean definitions from class path resource [config/spring-context.xml]
2014-08-17 18:20:34 INFO  GenericXmlApplicationContext:510 - Refreshing org.springframework.context.support.GenericXmlApplicationContext@7224ccce: startup date [Sun Aug 17 18:20:34 CEST 2014]; root of context hierarchy
2014-08-17 18:20:34 INFO  DefaultListableBeanFactory:596 - Pre-instantiating singletons in org.springframework.beans.factory.support.DefaultListableBeanFactory@1bb2ba93: defining beans [objectCreator,bostonRbfParams,bostonRbfKernel,optimalBostonRbfKernel,co2HyperParams,co2Kernel,gpPredictor,ukfTransfGpPredictor,ssmGpPredictor,gpBostonOptimalPredictor,co2GpPredictor,stopCriterion,gpClassifier,breezeLbfgsOptimizer,gpOptimizerForSsmOptim]; root of factory hierarchy
2014-08-17 18:20:35 INFO  XmlBeanDefinitionReader:315 - Loading XML bean definitions from class path resource [config/spring-context.xml]
2014-08-17 18:20:35 INFO  GenericXmlApplicationContext:510 - Refreshing org.springframework.context.support.GenericXmlApplicationContext@484cd746: startup date [Sun Aug 17 18:20:35 CEST 2014]; root of context hierarchy
2014-08-17 18:20:35 INFO  DefaultListableBeanFactory:596 - Pre-instantiating singletons in org.springframework.beans.factory.support.DefaultListableBeanFactory@20cc1fc4: defining beans [objectCreator,bostonRbfParams,bostonRbfKernel,optimalBostonRbfKernel,co2HyperParams,co2Kernel,gpPredictor,ukfTransfGpPredictor,ssmGpPredictor,gpBostonOptimalPredictor,co2GpPredictor,stopCriterion,gpClassifier,breezeLbfgsOptimizer,gpOptimizerForSsmOptim]; root of factory hierarchy
2014-08-17 18:20:40 INFO  LBFGS:68 - Step Size: 7.293e-10
2014-08-17 18:20:40 INFO  LBFGS:73 - Val and Grad Norm: 82427.0 (rel: 0.998) 156018
2014-08-17 18:21:00 ERROR LBFGS:85 - Failure! Resetting history: breeze.optimize.FirstOrderException: Line search failed
2014-08-17 18:21:06 INFO  StrongWolfeLineSearch:105 - Line search t: 0.33333548771429866 fval: 3514.976437721216 rhs: -728963.710970509 cdd: 879.6647670921083
2014-08-17 18:21:07 INFO  StrongWolfeLineSearch:105 - Line search t: 0.11111399252991397 fval: 3197.246064797523 rhs: -188041.84148831345 cdd: 2569.176773727292
2014-08-17 18:21:09 INFO  StrongWolfeLineSearch:105 - Line search t: 0.03704016953591811 fval: 2884.520832312998 rhs: -7734.5729211589205 cdd: 7724.3120505444185
2014-08-17 18:21:11 INFO  StrongWolfeLineSearch:105 - Line search t: 0.012348904031536809 fval: 2565.206515543903 rhs: 52367.82844838104 cdd: 23941.052298667488
2014-08-17 18:21:11 INFO  LBFGS:68 - Step Size: 0.01235
2014-08-17 18:21:11 INFO  LBFGS:73 - Val and Grad Norm: 2565.21 (rel: 0.969) 1.22661
2014-08-17 18:21:30 ERROR LBFGS:85 - Failure! Resetting history: breeze.optimize.FirstOrderException: Line search failed
2014-08-17 18:21:33 INFO  LBFGS:68 - Step Size: 1.000
2014-08-17 18:21:33 INFO  LBFGS:73 - Val and Grad Norm: 2563.80 (rel: 0.000549) 1.11434
2014-08-17 18:21:35 INFO  LBFGS:68 - Step Size: 1.000
2014-08-17 18:21:35 INFO  LBFGS:73 - Val and Grad Norm: 2547.78 (rel: 0.00625) 0.820366
2014-08-17 18:21:37 INFO  LBFGS:68 - Step Size: 1.000
2014-08-17 18:21:37 INFO  LBFGS:73 - Val and Grad Norm: 2525.52 (rel: 0.00874) 0.321521
2014-08-17 18:21:39 INFO  LBFGS:68 - Step Size: 1.000
2014-08-17 18:21:39 INFO  LBFGS:73 - Val and Grad Norm: 2515.82 (rel: 0.00384) 0.308761
2014-08-17 18:21:40 INFO  LBFGS:68 - Step Size: 1.000
2014-08-17 18:21:40 INFO  LBFGS:73 - Val and Grad Norm: 2443.78 (rel: 0.0286) 0.675241
2014-08-17 18:21:45 INFO  StrongWolfeLineSearch:105 - Line search t: 1.148581604368873 fval: 1338.994111840493 rhs: 2443.7349394992475 cdd: -9414.753397274299
2014-08-17 18:21:47 INFO  StrongWolfeLineSearch:105 - Line search t: 1.234727013338299 fval: 1530.0364911683464 rhs: 2443.731752703847 cdd: 4815.392941217038
2014-08-17 18:21:49 INFO  StrongWolfeLineSearch:105 - Line search t: 1.1725908884625171 fval: 928.6073691824415 rhs: 2443.7340513187046 cdd: -25648.199873361937
2014-08-17 18:21:50 INFO  StrongWolfeLineSearch:105 - Line search t: 1.1851779641637787 fval: 1033.0978478850184 rhs: 2443.733585682341 cdd: 25494.184063481072
2014-08-17 18:21:52 INFO  StrongWolfeLineSearch:105 - Line search t: 1.176322722739132 fval: 2458.2793256482946 rhs: 2443.733913266167 cdd: 5080229.412864577
2014-08-17 18:21:54 INFO  StrongWolfeLineSearch:105 - Line search t: 1.1748354255782434 fval: 944.0447420075977 rhs: 2443.7339682860666 cdd: 102477.25556799538
2014-08-17 18:21:56 INFO  StrongWolfeLineSearch:105 - Line search t: 1.1738555624220635 fval: 907.4315259438379 rhs: 2443.734004534352 cdd: -627.6695213115869
2014-08-17 18:21:57 INFO  StrongWolfeLineSearch:105 - Line search t: 1.1739535487376815 fval: 907.5878394722494 rhs: 2443.7340009095237 cdd: 3929.8729801342215
2014-08-17 18:21:59 INFO  StrongWolfeLineSearch:105 - Line search t: 1.173869960151805 fval: 907.426996973692 rhs: 2443.734004001734 cdd: 0.7959640415392144
2014-08-17 18:21:59 INFO  LBFGS:68 - Step Size: 1.174
2014-08-17 18:21:59 INFO  LBFGS:73 - Val and Grad Norm: 907.427 (rel: 0.629) 0.180885
2014-08-17 18:22:02 INFO  StrongWolfeLineSearch:105 - Line search t: 0.1 fval: 1138.1043373072573 rhs: 907.4267680648148 cdd: 1826.6624843224788
2014-08-17 18:22:04 INFO  StrongWolfeLineSearch:105 - Line search t: 0.010000000000000002 fval: 921.3857294500818 rhs: 907.4269740828042 cdd: 2283.5026001362035
2014-08-17 18:22:06 INFO  StrongWolfeLineSearch:105 - Line search t: 0.0010000000000000002 fval: 907.6115638472204 rhs: 907.4269946846032 cdd: 382.0913278080378
2014-08-17 18:22:08 INFO  StrongWolfeLineSearch:105 - Line search t: 1.0000000000000003E-4 fval: 907.4268751563127 rhs: 907.4269967447831 cdd: 20.347721244253748
2014-08-17 18:22:08 INFO  LBFGS:68 - Step Size: 0.0001000
2014-08-17 18:22:08 INFO  LBFGS:73 - Val and Grad Norm: 907.427 (rel: 1.34e-07) 0.445140
2014-08-17 18:22:09 INFO  LBFGS:68 - Step Size: 1.000
2014-08-17 18:22:09 INFO  LBFGS:73 - Val and Grad Norm: 876.131 (rel: 0.0345) 1.34226
2014-08-17 18:22:20 INFO  StrongWolfeLineSearch:105 - Line search t: 4.29242332605883 fval: 844.096797681519 rhs: 876.1282408654664 cdd: 0.9776239875494253
2014-08-17 18:22:20 INFO  LBFGS:68 - Step Size: 4.292
2014-08-17 18:22:20 INFO  LBFGS:73 - Val and Grad Norm: 844.097 (rel: 0.0366) 13.7747
2014-08-17 18:22:21 INFO  LBFGS:68 - Step Size: 1.000
2014-08-17 18:22:21 INFO  LBFGS:73 - Val and Grad Norm: 843.525 (rel: 0.000678) 0.451452
2014-08-17 18:22:25 INFO  StrongWolfeLineSearch:105 - Line search t: 0.5479418674954932 fval: 858.3460349527525 rhs: 843.5237952456824 cdd: 82.87109044366328
2014-08-17 18:22:26 INFO  StrongWolfeLineSearch:105 - Line search t: 0.12355770650076264 fval: 842.5741303390957 rhs: 843.5244069955057 cdd: -0.23852789932367813
2014-08-17 18:22:26 INFO  LBFGS:68 - Step Size: 0.1236
2014-08-17 18:22:26 INFO  LBFGS:73 - Val and Grad Norm: 842.574 (rel: 0.00113) 6.47367
2014-08-17 18:22:28 INFO  LBFGS:68 - Step Size: 1.000
2014-08-17 18:22:28 INFO  LBFGS:73 - Val and Grad Norm: 842.006 (rel: 0.000674) 1.68587
2014-08-17 18:22:30 INFO  LBFGS:68 - Step Size: 1.000
2014-08-17 18:22:30 INFO  LBFGS:73 - Val and Grad Norm: 841.824 (rel: 0.000216) 0.680675
2014-08-17 18:22:32 INFO  LBFGS:68 - Step Size: 1.000
2014-08-17 18:22:32 INFO  LBFGS:73 - Val and Grad Norm: 841.815 (rel: 1.16e-05) 0.795472
2014-08-17 18:22:33 INFO  LBFGS:68 - Step Size: 1.000
2014-08-17 18:22:33 INFO  LBFGS:73 - Val and Grad Norm: 841.799 (rel: 1.84e-05) 0.175877
2014-08-17 18:22:35 INFO  LBFGS:68 - Step Size: 1.000
2014-08-17 18:22:35 INFO  LBFGS:73 - Val and Grad Norm: 841.797 (rel: 2.12e-06) 0.185820
2014-08-17 18:22:37 INFO  LBFGS:68 - Step Size: 1.000
2014-08-17 18:22:37 INFO  LBFGS:73 - Val and Grad Norm: 841.790 (rel: 8.74e-06) 0.644584
2014-08-17 18:22:38 INFO  LBFGS:68 - Step Size: 1.000
2014-08-17 18:22:38 INFO  LBFGS:73 - Val and Grad Norm: 841.778 (rel: 1.48e-05) 1.17048
2014-08-17 18:24:04 INFO  XmlBeanDefinitionReader:315 - Loading XML bean definitions from class path resource [config/spring-context.xml]
2014-08-17 18:24:04 INFO  GenericXmlApplicationContext:510 - Refreshing org.springframework.context.support.GenericXmlApplicationContext@4e0222ed: startup date [Sun Aug 17 18:24:04 CEST 2014]; root of context hierarchy
2014-08-17 18:24:04 INFO  DefaultListableBeanFactory:596 - Pre-instantiating singletons in org.springframework.beans.factory.support.DefaultListableBeanFactory@72f71719: defining beans [objectCreator,bostonRbfParams,bostonRbfKernel,optimalBostonRbfKernel,co2HyperParams,co2Kernel,gpPredictor,ukfTransfGpPredictor,ssmGpPredictor,gpBostonOptimalPredictor,co2GpPredictor,stopCriterion,gpClassifier,breezeLbfgsOptimizer,gpOptimizerForSsmOptim]; root of factory hierarchy
2014-08-17 18:24:05 INFO  XmlBeanDefinitionReader:315 - Loading XML bean definitions from class path resource [config/spring-context.xml]
2014-08-17 18:24:05 INFO  GenericXmlApplicationContext:510 - Refreshing org.springframework.context.support.GenericXmlApplicationContext@57232191: startup date [Sun Aug 17 18:24:05 CEST 2014]; root of context hierarchy
2014-08-17 18:24:05 INFO  DefaultListableBeanFactory:596 - Pre-instantiating singletons in org.springframework.beans.factory.support.DefaultListableBeanFactory@7184b7db: defining beans [objectCreator,bostonRbfParams,bostonRbfKernel,optimalBostonRbfKernel,co2HyperParams,co2Kernel,gpPredictor,ukfTransfGpPredictor,ssmGpPredictor,gpBostonOptimalPredictor,co2GpPredictor,stopCriterion,gpClassifier,breezeLbfgsOptimizer,gpOptimizerForSsmOptim]; root of factory hierarchy
2014-08-17 18:24:07 INFO  LBFGS:68 - Step Size: 1.628e-09
2014-08-17 18:24:07 INFO  LBFGS:73 - Val and Grad Norm: 36952.0 (rel: 0.998) 69898.5
2014-08-17 18:24:11 ERROR LBFGS:85 - Failure! Resetting history: breeze.optimize.FirstOrderException: Line search failed
2014-08-17 18:24:12 INFO  StrongWolfeLineSearch:105 - Line search t: 0.3333381328491618 fval: 1654.460215711471 rhs: -125910.27680722337 cdd: 442.3981361690862
2014-08-17 18:24:12 INFO  StrongWolfeLineSearch:105 - Line search t: 0.11111753253119291 fval: 1490.7748261161078 rhs: -17337.806837104494 cdd: 1350.755080777435
2014-08-17 18:24:12 INFO  StrongWolfeLineSearch:105 - Line search t: 0.03704402194034359 fval: 1325.4126426370408 rhs: 18853.005322968515 cdd: 4070.390853626283
2014-08-17 18:24:12 INFO  LBFGS:68 - Step Size: 0.03704
2014-08-17 18:24:12 INFO  LBFGS:73 - Val and Grad Norm: 1325.41 (rel: 0.964) 0.0880405
2014-08-17 18:24:16 ERROR LBFGS:85 - Failure! Resetting history: breeze.optimize.FirstOrderException: Line search failed
2014-08-17 18:24:20 ERROR LBFGS:88 - Failure again! Giving up and returning. Maybe the objective is just poorly behaved?
2014-08-17 18:26:00 INFO  XmlBeanDefinitionReader:315 - Loading XML bean definitions from class path resource [config/spring-context.xml]
2014-08-17 18:26:00 INFO  GenericXmlApplicationContext:510 - Refreshing org.springframework.context.support.GenericXmlApplicationContext@784d66f8: startup date [Sun Aug 17 18:26:00 CEST 2014]; root of context hierarchy
2014-08-17 18:26:00 INFO  DefaultListableBeanFactory:596 - Pre-instantiating singletons in org.springframework.beans.factory.support.DefaultListableBeanFactory@23ddb577: defining beans [objectCreator,bostonRbfParams,bostonRbfKernel,optimalBostonRbfKernel,co2HyperParams,co2Kernel,gpPredictor,ukfTransfGpPredictor,ssmGpPredictor,gpBostonOptimalPredictor,co2GpPredictor,stopCriterion,gpClassifier,breezeLbfgsOptimizer,gpOptimizerForSsmOptim]; root of factory hierarchy
2014-08-17 18:26:01 INFO  XmlBeanDefinitionReader:315 - Loading XML bean definitions from class path resource [config/spring-context.xml]
2014-08-17 18:26:01 INFO  GenericXmlApplicationContext:510 - Refreshing org.springframework.context.support.GenericXmlApplicationContext@4370e348: startup date [Sun Aug 17 18:26:01 CEST 2014]; root of context hierarchy
2014-08-17 18:26:01 INFO  DefaultListableBeanFactory:596 - Pre-instantiating singletons in org.springframework.beans.factory.support.DefaultListableBeanFactory@4042c516: defining beans [objectCreator,bostonRbfParams,bostonRbfKernel,optimalBostonRbfKernel,co2HyperParams,co2Kernel,gpPredictor,ukfTransfGpPredictor,ssmGpPredictor,gpBostonOptimalPredictor,co2GpPredictor,stopCriterion,gpClassifier,breezeLbfgsOptimizer,gpOptimizerForSsmOptim]; root of factory hierarchy
2014-08-17 18:26:10 INFO  LBFGS:68 - Step Size: 5.747e-10
2014-08-17 18:26:10 INFO  LBFGS:73 - Val and Grad Norm: 104618 (rel: 0.998) 197968
2014-08-17 18:26:43 ERROR LBFGS:85 - Failure! Resetting history: breeze.optimize.FirstOrderException: Line search failed
2014-08-17 18:26:53 INFO  StrongWolfeLineSearch:105 - Line search t: 0.33333502610328947 fval: 4769.247795766066 rhs: -1201763.5770993845 cdd: 1184.0672769271089
2014-08-17 18:26:57 INFO  StrongWolfeLineSearch:105 - Line search t: 0.11111337556565007 fval: 4341.470741633603 rhs: -330848.9271647892 cdd: 3446.8074522584193
2014-08-17 18:27:00 INFO  StrongWolfeLineSearch:105 - Line search t: 0.03703949933274252 fval: 3927.052144332244 rhs: -40544.0723830795 cdd: 10116.972710517177
2014-08-17 18:27:04 INFO  StrongWolfeLineSearch:105 - Line search t: 0.01234821442879953 fval: 3510.310659702999 rhs: 56224.184429550776 cdd: 31302.321059374182
2014-08-17 18:27:04 INFO  LBFGS:68 - Step Size: 0.01235
2014-08-17 18:27:04 INFO  LBFGS:73 - Val and Grad Norm: 3510.31 (rel: 0.966) 2.29912
2014-08-17 18:27:38 INFO  LBFGS:68 - Step Size: 38.44
2014-08-17 18:27:38 INFO  LBFGS:73 - Val and Grad Norm: 3507.94 (rel: 0.000675) 2.09182
2014-08-17 18:27:42 INFO  LBFGS:68 - Step Size: 1.000
2014-08-17 18:27:42 INFO  LBFGS:73 - Val and Grad Norm: 3481.90 (rel: 0.00742) 1.15755
2014-08-17 18:27:45 INFO  LBFGS:68 - Step Size: 1.000
2014-08-17 18:27:45 INFO  LBFGS:73 - Val and Grad Norm: 3462.11 (rel: 0.00569) 0.566007
2014-08-17 18:27:49 INFO  LBFGS:68 - Step Size: 1.000
2014-08-17 18:27:49 INFO  LBFGS:73 - Val and Grad Norm: 3451.78 (rel: 0.00298) 0.370903
2014-08-17 18:27:52 INFO  LBFGS:68 - Step Size: 1.000
2014-08-17 18:27:52 INFO  LBFGS:73 - Val and Grad Norm: 3434.18 (rel: 0.00510) 1.27126
2014-08-17 18:27:56 INFO  LBFGS:68 - Step Size: 1.000
2014-08-17 18:27:56 INFO  LBFGS:73 - Val and Grad Norm: 3250.39 (rel: 0.0535) 1.47806
2014-08-17 18:28:02 INFO  StrongWolfeLineSearch:105 - Line search t: 0.6744034685222284 fval: 2315.519150753628 rhs: 3250.334367168554 cdd: 6234.988909908258
2014-08-17 18:28:06 INFO  StrongWolfeLineSearch:105 - Line search t: 0.5104862600020308 fval: 2524.330908792413 rhs: 3250.3477400749994 cdd: -3751.591526980939
2014-08-17 18:28:09 INFO  StrongWolfeLineSearch:105 - Line search t: 0.6245156791010316 fval: 1687.5379677757928 rhs: 3250.338437178937 cdd: 31689.182863658803
2014-08-17 18:28:12 INFO  StrongWolfeLineSearch:105 - Line search t: 0.5972996241665391 fval: 1834.7072037375497 rhs: 3250.340657554453 cdd: -21846.813640587014
2014-08-17 18:28:15 INFO  StrongWolfeLineSearch:105 - Line search t: 0.6154170997225816 fval: 1225.1068674538344 rhs: 3250.3391794710487 cdd: 22876.54147022058
2014-08-17 18:28:19 INFO  StrongWolfeLineSearch:105 - Line search t: 0.6136053521669774 fval: 40468.1396274447 rhs: 3250.339327279389 cdd: 9.899894117673378E8
2014-08-17 18:28:22 INFO  StrongWolfeLineSearch:105 - Line search t: 0.6152359249670212 fval: 1223.8586257287784 rhs: 3250.339194251883 cdd: -12020.915366405354
2014-08-17 18:28:25 INFO  StrongWolfeLineSearch:105 - Line search t: 0.6152889102395797 fval: 1223.5499820870223 rhs: 3250.3391899291696 cdd: 68.47229297688324
2014-08-17 18:28:25 INFO  LBFGS:68 - Step Size: 0.6153
2014-08-17 18:28:25 INFO  LBFGS:73 - Val and Grad Norm: 1223.55 (rel: 0.624) 0.624026
2014-08-17 18:28:32 INFO  StrongWolfeLineSearch:105 - Line search t: 0.1 fval: 1863.0892213601155 rhs: 1223.548662435963 cdd: 3906.0492739138713
2014-08-17 18:28:35 INFO  StrongWolfeLineSearch:105 - Line search t: 0.010000000000000002 fval: 3113.325453679271 rhs: 1223.5498501219163 cdd: -2322980.0810010056
2014-08-17 18:28:39 INFO  StrongWolfeLineSearch:105 - Line search t: 0.0010000000000000002 fval: 1228.3488272013528 rhs: 1223.5499688905118 cdd: 10758.071410650555
2014-08-17 18:28:42 INFO  StrongWolfeLineSearch:105 - Line search t: 1.0000000000000003E-4 fval: 1223.57809308114 rhs: 1223.5499807673712 cdd: 701.8592262565662
2014-08-17 18:28:45 INFO  StrongWolfeLineSearch:105 - Line search t: 1.6201348671806437E-5 fval: 1223.5489116243448 rhs: 1223.549981873221 cdd: 0.02139846872451301
2014-08-17 18:28:45 INFO  LBFGS:68 - Step Size: 1.620e-05
2014-08-17 18:28:45 INFO  LBFGS:73 - Val and Grad Norm: 1223.55 (rel: 8.75e-07) 0.672864
2014-08-17 18:28:49 INFO  LBFGS:68 - Step Size: 1.000
2014-08-17 18:28:49 INFO  LBFGS:73 - Val and Grad Norm: 1173.40 (rel: 0.0410) 10.8145
2014-08-17 18:28:52 INFO  LBFGS:68 - Step Size: 1.000
2014-08-17 18:28:52 INFO  LBFGS:73 - Val and Grad Norm: 1172.31 (rel: 0.000930) 1.07661
2014-08-17 18:28:59 INFO  LBFGS:68 - Step Size: 1.500
2014-08-17 18:28:59 INFO  LBFGS:73 - Val and Grad Norm: 1171.86 (rel: 0.000386) 1.85584
2014-08-17 18:29:02 INFO  LBFGS:68 - Step Size: 1.000
2014-08-17 18:29:02 INFO  LBFGS:73 - Val and Grad Norm: 1169.70 (rel: 0.00184) 2.80048
2014-08-17 18:29:05 INFO  LBFGS:68 - Step Size: 1.000
2014-08-17 18:29:05 INFO  LBFGS:73 - Val and Grad Norm: 1169.13 (rel: 0.000484) 0.700668
2014-08-17 18:29:08 INFO  LBFGS:68 - Step Size: 1.000
2014-08-17 18:29:08 INFO  LBFGS:73 - Val and Grad Norm: 1169.02 (rel: 9.95e-05) 0.0516335
2014-08-17 18:29:15 INFO  StrongWolfeLineSearch:105 - Line search t: 0.17264355828533218 fval: 1169.013550914277 rhs: 1169.0150113768343 cdd: 3.340158384462777E-7
2014-08-17 18:29:15 INFO  LBFGS:68 - Step Size: 0.1726
2014-08-17 18:29:15 INFO  LBFGS:73 - Val and Grad Norm: 1169.01 (rel: 1.25e-06) 0.330325
2014-08-17 18:29:18 INFO  LBFGS:68 - Step Size: 1.000
2014-08-17 18:29:18 INFO  LBFGS:73 - Val and Grad Norm: 1169.01 (rel: 3.02e-06) 0.0363638
2014-08-17 18:29:22 INFO  LBFGS:68 - Step Size: 1.000
2014-08-17 18:29:22 INFO  LBFGS:73 - Val and Grad Norm: 1169.01 (rel: 6.47e-08) 0.0308392
2014-08-17 18:29:25 INFO  LBFGS:68 - Step Size: 1.000
2014-08-17 18:29:25 INFO  LBFGS:73 - Val and Grad Norm: 1169.01 (rel: 3.39e-07) 0.0561653
2014-08-17 18:29:51 INFO  XmlBeanDefinitionReader:315 - Loading XML bean definitions from class path resource [config/spring-context.xml]
2014-08-17 18:29:51 INFO  GenericXmlApplicationContext:510 - Refreshing org.springframework.context.support.GenericXmlApplicationContext@784d66f8: startup date [Sun Aug 17 18:29:51 CEST 2014]; root of context hierarchy
2014-08-17 18:29:51 INFO  DefaultListableBeanFactory:596 - Pre-instantiating singletons in org.springframework.beans.factory.support.DefaultListableBeanFactory@23ddb577: defining beans [objectCreator,bostonRbfParams,bostonRbfKernel,optimalBostonRbfKernel,co2HyperParams,co2Kernel,gpPredictor,ukfTransfGpPredictor,ssmGpPredictor,gpBostonOptimalPredictor,co2GpPredictor,stopCriterion,gpClassifier,breezeLbfgsOptimizer,gpOptimizerForSsmOptim]; root of factory hierarchy
2014-08-17 18:29:52 INFO  XmlBeanDefinitionReader:315 - Loading XML bean definitions from class path resource [config/spring-context.xml]
2014-08-17 18:29:52 INFO  GenericXmlApplicationContext:510 - Refreshing org.springframework.context.support.GenericXmlApplicationContext@2859ae8f: startup date [Sun Aug 17 18:29:52 CEST 2014]; root of context hierarchy
2014-08-17 18:29:52 INFO  DefaultListableBeanFactory:596 - Pre-instantiating singletons in org.springframework.beans.factory.support.DefaultListableBeanFactory@5f99484f: defining beans [objectCreator,bostonRbfParams,bostonRbfKernel,optimalBostonRbfKernel,co2HyperParams,co2Kernel,gpPredictor,ukfTransfGpPredictor,ssmGpPredictor,gpBostonOptimalPredictor,co2GpPredictor,stopCriterion,gpClassifier,breezeLbfgsOptimizer,gpOptimizerForSsmOptim]; root of factory hierarchy
2014-08-17 18:29:59 INFO  LBFGS:68 - Step Size: 6.738e-10
2014-08-17 18:29:59 INFO  LBFGS:73 - Val and Grad Norm: 89247.2 (rel: 0.998) 168854
2014-08-17 18:30:24 ERROR LBFGS:85 - Failure! Resetting history: breeze.optimize.FirstOrderException: Line search failed
2014-08-17 18:30:31 INFO  StrongWolfeLineSearch:105 - Line search t: 0.33333531672084016 fval: 4130.295329277296 rhs: -861148.2742505469 cdd: 1026.406735945025
2014-08-17 18:30:34 INFO  StrongWolfeLineSearch:105 - Line search t: 0.11111376449780902 fval: 3759.7963953897224 rhs: -227556.9780695949 cdd: 2985.3635124029247
2014-08-17 18:30:36 INFO  StrongWolfeLineSearch:105 - Line search t: 0.037039922431296446 fval: 3397.650753050189 rhs: -16359.904075073777 cdd: 8954.449582887573
2014-08-17 18:30:39 INFO  StrongWolfeLineSearch:105 - Line search t: 0.012348650428824381 fval: 3025.3288568893668 rhs: 54039.09582346693 cdd: 28021.45414442215
2014-08-17 18:30:39 INFO  LBFGS:68 - Step Size: 0.01235
2014-08-17 18:30:39 INFO  LBFGS:73 - Val and Grad Norm: 3025.33 (rel: 0.966) 1.44421
2014-08-17 18:31:04 ERROR LBFGS:85 - Failure! Resetting history: breeze.optimize.FirstOrderException: Line search failed
2014-08-17 18:31:11 INFO  LBFGS:68 - Step Size: 1.500
2014-08-17 18:31:11 INFO  LBFGS:73 - Val and Grad Norm: 3022.40 (rel: 0.000969) 1.35599
2014-08-17 18:31:14 INFO  LBFGS:68 - Step Size: 1.000
2014-08-17 18:31:14 INFO  LBFGS:73 - Val and Grad Norm: 2988.80 (rel: 0.0111) 0.748042
2014-08-17 18:31:16 INFO  LBFGS:68 - Step Size: 1.000
2014-08-17 18:31:16 INFO  LBFGS:73 - Val and Grad Norm: 2970.37 (rel: 0.00617) 0.344114
2014-08-17 18:31:19 INFO  LBFGS:68 - Step Size: 1.000
2014-08-17 18:31:19 INFO  LBFGS:73 - Val and Grad Norm: 2957.72 (rel: 0.00426) 0.458274
2014-08-17 18:31:21 INFO  LBFGS:68 - Step Size: 1.000
2014-08-17 18:31:21 INFO  LBFGS:73 - Val and Grad Norm: 2850.62 (rel: 0.0362) 0.807775
2014-08-17 18:31:26 INFO  StrongWolfeLineSearch:105 - Line search t: 0.7582465583735003 fval: 1226.5102926610198 rhs: 2850.576674532713 cdd: -44879.07994752372
2014-08-17 18:31:29 INFO  StrongWolfeLineSearch:105 - Line search t: 0.825373078603754 fval: 1956.6456794484698 rhs: 2850.572643155639 cdd: 5347.3218345724545
2014-08-17 18:31:31 INFO  StrongWolfeLineSearch:105 - Line search t: 0.7740317160869755 fval: 1395.3766172552482 rhs: 2850.575726532985 cdd: 28046.656680609172
2014-08-17 18:31:34 INFO  StrongWolfeLineSearch:105 - Line search t: 0.7628395428119177 fval: 1361.9593024889596 rhs: 2850.576398694607 cdd: 1013988.812434687
2014-08-17 18:31:36 INFO  StrongWolfeLineSearch:105 - Line search t: 0.761176681119178 fval: 1085.2812288800355 rhs: 2850.576498560092 cdd: -36794.42419919811
2014-08-17 18:31:38 INFO  StrongWolfeLineSearch:105 - Line search t: 0.7619996753226386 fval: 1081.256722807358 rhs: 2850.576449134024 cdd: 53909.403446073215
2014-08-17 18:31:41 INFO  StrongWolfeLineSearch:105 - Line search t: 0.7616836945499592 fval: 1074.007340503209 rhs: 2850.5764681106916 cdd: -1154.653959322475
2014-08-17 18:31:43 INFO  StrongWolfeLineSearch:105 - Line search t: 0.7617152926272271 fval: 1074.0309089674965 rhs: 2850.5764662130246 cdd: 2692.889477679305
2014-08-17 18:31:46 INFO  StrongWolfeLineSearch:105 - Line search t: 0.7616934211255475 fval: 1074.0017050004183 rhs: 2850.576467526548 cdd: 0.15229760274797854
2014-08-17 18:31:46 INFO  LBFGS:68 - Step Size: 0.7617
2014-08-17 18:31:46 INFO  LBFGS:73 - Val and Grad Norm: 1074.00 (rel: 0.623) 0.300691
2014-08-17 18:31:51 INFO  StrongWolfeLineSearch:105 - Line search t: 0.1 fval: 1398.8980183259164 rhs: 1074.0011503674527 cdd: 2319.984717599366
2014-08-17 18:31:53 INFO  StrongWolfeLineSearch:105 - Line search t: 0.010000000000000002 fval: 1098.436015044666 rhs: 1074.0016495371217 cdd: 3805.4325056391704
2014-08-17 18:31:56 INFO  StrongWolfeLineSearch:105 - Line search t: 0.0010000000000000002 fval: 1074.3482499095444 rhs: 1074.0016994540886 cdd: 723.6866092749756
2014-08-17 18:31:58 INFO  StrongWolfeLineSearch:105 - Line search t: 1.0000000000000003E-4 fval: 1074.000413271292 rhs: 1074.0017044457852 cdd: 29.35587881674377
2014-08-17 18:31:58 INFO  LBFGS:68 - Step Size: 0.0001000
2014-08-17 18:31:58 INFO  LBFGS:73 - Val and Grad Norm: 1074.00 (rel: 1.20e-06) 0.682803
2014-08-17 18:32:03 INFO  StrongWolfeLineSearch:105 - Line search t: 0.32886659155898457 fval: 1044.6353067062378 rhs: 1073.9823812232019 cdd: 54.46206838133988
2014-08-17 18:32:03 INFO  LBFGS:68 - Step Size: 0.3289
2014-08-17 18:32:03 INFO  LBFGS:73 - Val and Grad Norm: 1044.64 (rel: 0.0273) 13.7530
2014-08-17 18:32:05 INFO  LBFGS:68 - Step Size: 1.000
2014-08-17 18:32:05 INFO  LBFGS:73 - Val and Grad Norm: 1042.05 (rel: 0.00248) 0.151022
2014-08-17 18:32:08 INFO  LBFGS:68 - Step Size: 1.000
2014-08-17 18:32:08 INFO  LBFGS:73 - Val and Grad Norm: 1041.14 (rel: 0.000875) 2.52949
2014-08-17 18:32:10 INFO  LBFGS:68 - Step Size: 1.000
2014-08-17 18:32:10 INFO  LBFGS:73 - Val and Grad Norm: 1040.44 (rel: 0.000671) 2.95740
2014-08-17 18:32:15 INFO  StrongWolfeLineSearch:105 - Line search t: 0.1 fval: 1040.3764333734152 rhs: 1040.4386383318786 cdd: 2.437474208766253
2014-08-17 18:32:15 INFO  LBFGS:68 - Step Size: 0.1000
2014-08-17 18:32:15 INFO  LBFGS:73 - Val and Grad Norm: 1040.38 (rel: 5.98e-05) 2.58040
2014-08-17 18:32:18 INFO  LBFGS:68 - Step Size: 1.000
2014-08-17 18:32:18 INFO  LBFGS:73 - Val and Grad Norm: 1040.32 (rel: 5.54e-05) 0.255835
2014-08-17 18:32:20 INFO  LBFGS:68 - Step Size: 1.000
2014-08-17 18:32:20 INFO  LBFGS:73 - Val and Grad Norm: 1040.32 (rel: 2.67e-06) 0.304081
2014-08-17 18:32:23 INFO  LBFGS:68 - Step Size: 1.000
2014-08-17 18:32:23 INFO  LBFGS:73 - Val and Grad Norm: 1040.26 (rel: 5.03e-05) 0.583017
2014-08-17 18:32:25 INFO  LBFGS:68 - Step Size: 1.000
2014-08-17 18:32:25 INFO  LBFGS:73 - Val and Grad Norm: 1039.77 (rel: 0.000471) 2.53355
2014-08-17 18:32:27 INFO  LBFGS:68 - Step Size: 1.000
2014-08-17 18:32:27 INFO  LBFGS:73 - Val and Grad Norm: 1038.95 (rel: 0.000790) 3.93447
2014-08-17 18:32:30 INFO  LBFGS:68 - Step Size: 1.000
2014-08-17 18:32:30 INFO  LBFGS:73 - Val and Grad Norm: 1036.46 (rel: 0.00240) 7.53057
